<?xml version='1.0' encoding='UTF-8'?>
<testsuite hostname="Silver" name="test" tests="5" errors="0" failures="0" skipped="0" time="0.063" timestamp="2022-10-16T01:51:46">
          <properties>
[...]
</properties>
          <testcase classname="test" name="Test to check if Time Parsing is done" time="0.016">
                      
                    </testcase><testcase classname="test" name="Test to check if configuration file is present" time="0.047">
                      
                    </testcase><testcase classname="test" name="Test to check for log messsage type" time="0.0">
                      
                    </testcase><testcase classname="test" name="Test to check for injected pattern" time="0.0">
                      
                    </testcase><testcase classname="test" name="Test to check for injected pattern not matching" time="0.0">
                      
                    </testcase>
          <system-out><![CDATA[]]></system-out>
          <system-err><![CDATA[]]></system-err>
        </testsuite>